#
# There is insufficient memory for the Java Runtime Environment to continue.
# Native memory allocation (malloc) failed to allocate 1048576 bytes. Error detail: AllocateHeap
# Possible reasons:
#   The system is out of physical RAM or swap space
#   This process is running with CompressedOops enabled, and the Java Heap may be blocking the growth of the native heap
# Possible solutions:
#   Reduce memory load on the system
#   Increase physical memory or swap space
#   Check if swap backing store is full
#   Decrease Java heap size (-Xmx/-Xms)
#   Decrease number of Java threads
#   Decrease Java thread stack sizes (-Xss)
#   Set larger code cache with -XX:ReservedCodeCacheSize=
#   JVM is running with Unscaled Compressed Oops mode in which the Java heap is
#     placed in the first 4GB address space. The Java Heap base address is the
#     maximum limit for the native heap growth. Please use -XX:HeapBaseMinAddress
#     to set the Java Heap base and to place the Java Heap above 4GB virtual address.
# This output file may be truncated or incomplete.
#
#  Out of Memory Error (allocation.cpp:44), pid=10736, tid=12404
#
# JRE version:  (17.0.11) (build )
# Java VM: OpenJDK 64-Bit Server VM (17.0.11+0--11852314, mixed mode, sharing, tiered, compressed oops, compressed class ptrs, g1 gc, windows-amd64)
# No core dump will be written. Minidumps are not enabled by default on client versions of Windows
#

---------------  S U M M A R Y ------------

Command Line: git4idea.http.GitAskPassApp Username for 'https://github.com': 

Host: AMD Ryzen 5 5600 6-Core Processor              , 12 cores, 15G,  Windows 10 , 64 bit Build 19041 (10.0.19041.4957)
Time: Mon Nov  4 23:27:25 2024 Hora estándar central (México) elapsed time: 0.005186 seconds (0d 0h 0m 0s)

---------------  T H R E A D  ---------------

Current thread (0x000001fe394fea10):  JavaThread "Unknown thread" [_thread_in_vm, id=12404, stack(0x0000000b46100000,0x0000000b46200000)]

Stack: [0x0000000b46100000,0x0000000b46200000]
Native frames: (J=compiled Java code, j=interpreted, Vv=VM code, C=native code)
V  [jvm.dll+0x687bb9]
V  [jvm.dll+0x84142a]
V  [jvm.dll+0x8430ae]
V  [jvm.dll+0x843713]
V  [jvm.dll+0x24a35f]
V  [jvm.dll+0xa6cc3]
V  [jvm.dll+0x2dc984]
V  [jvm.dll+0x811eec]
V  [jvm.dll+0x36fb68]
V  [jvm.dll+0x7f0896]
V  [jvm.dll+0x3f3d2f]
V  [jvm.dll+0x3f58e1]
C  [jli.dll+0x528f]
C  [ucrtbase.dll+0x21bb2]
C  [KERNEL32.DLL+0x17374]
C  [ntdll.dll+0x4cc91]


---------------  P R O C E S S  ---------------

Threads class SMR info:
_java_thread_list=0x00007ffc7f2fefd8, length=0, elements={
}

Java Threads: ( => current thread )

Other Threads:

=>0x000001fe394fea10 (exited) JavaThread "Unknown thread" [_thread_in_vm, id=12404, stack(0x0000000b46100000,0x0000000b46200000)]

Threads with active compile tasks:

VM state: not at safepoint (not fully initialized)

VM Mutex/Monitor currently owned by a thread: None

Heap address: 0x0000000000000000, size: 0 MB, Compressed Oops mode: 32-bit

CDS archive(s) mapped at: [0x0000000000000000-0x0000000000000000-0x0000000000000000), size 0, SharedBaseAddress: 0x0000000800000000, ArchiveRelocationMode: 1.
Narrow klass base: 0x0000000000000000, Narrow klass shift: 0, Narrow klass range: 0x0

GC Precious Log:
<Empty>

GC Heap History (0 events):
No events

Dll operation events (1 events):
Event: 0.003 Loaded shared library C:\Program Files\Android\Android Studio\jbr\bin\java.dll

Deoptimization events (0 events):
No events

Classes unloaded (0 events):
No events

Classes redefined (0 events):
No events

Internal exceptions (0 events):
No events

VM Operations (0 events):
No events

Events (0 events):
No events


Dynamic libraries:
0x00007ff67bb60000 - 0x00007ff67bb6a000 	C:\Program Files\Android\Android Studio\jbr\bin\java.exe
0x00007ffcd8d50000 - 0x00007ffcd8f48000 	C:\Windows\SYSTEM32\ntdll.dll
0x00007ffcd8730000 - 0x00007ffcd87f2000 	C:\Windows\System32\KERNEL32.DLL
0x00007ffcd6720000 - 0x00007ffcd6a1e000 	C:\Windows\System32\KERNELBASE.dll
0x00007ffcd6a20000 - 0x00007ffcd6b20000 	C:\Windows\System32\ucrtbase.dll
0x00007ffcbe340000 - 0x00007ffcbe35b000 	C:\Program Files\Android\Android Studio\jbr\bin\VCRUNTIME140.dll
0x00007ffcbc730000 - 0x00007ffcbc747000 	C:\Program Files\Android\Android Studio\jbr\bin\jli.dll
0x00007ffcd79d0000 - 0x00007ffcd7b6d000 	C:\Windows\System32\USER32.dll
0x00007ffcd6b20000 - 0x00007ffcd6b42000 	C:\Windows\System32\win32u.dll
0x00007ffcc3600000 - 0x00007ffcc389a000 	C:\Windows\WinSxS\amd64_microsoft.windows.common-controls_6595b64144ccf1df_6.0.19041.4355_none_60b8b9eb71f62e16\COMCTL32.dll
0x00007ffcd7b70000 - 0x00007ffcd7b9b000 	C:\Windows\System32\GDI32.dll
0x00007ffcd6ec0000 - 0x00007ffcd6f5e000 	C:\Windows\System32\msvcrt.dll
0x00007ffcd64a0000 - 0x00007ffcd65b7000 	C:\Windows\System32\gdi32full.dll
0x00007ffcd6ba0000 - 0x00007ffcd6c3d000 	C:\Windows\System32\msvcp_win.dll
0x00007ffcd8380000 - 0x00007ffcd83af000 	C:\Windows\System32\IMM32.DLL
0x00007ffcbe1d0000 - 0x00007ffcbe1dc000 	C:\Program Files\Android\Android Studio\jbr\bin\vcruntime140_1.dll
0x00007ffca70c0000 - 0x00007ffca714d000 	C:\Program Files\Android\Android Studio\jbr\bin\msvcp140.dll
0x00007ffc7e7c0000 - 0x00007ffc7f443000 	C:\Program Files\Android\Android Studio\jbr\bin\server\jvm.dll
0x00007ffcd8670000 - 0x00007ffcd8722000 	C:\Windows\System32\ADVAPI32.dll
0x00007ffcd8c70000 - 0x00007ffcd8d10000 	C:\Windows\System32\sechost.dll
0x00007ffcd8540000 - 0x00007ffcd8663000 	C:\Windows\System32\RPCRT4.dll
0x00007ffcd6cb0000 - 0x00007ffcd6cd7000 	C:\Windows\System32\bcrypt.dll
0x00007ffc85030000 - 0x00007ffc85039000 	C:\Windows\SYSTEM32\WSOCK32.dll
0x00007ffcd5930000 - 0x00007ffcd597b000 	C:\Windows\SYSTEM32\POWRPROF.dll
0x00007ffccce50000 - 0x00007ffccce77000 	C:\Windows\SYSTEM32\WINMM.dll
0x00007ffcd7ba0000 - 0x00007ffcd7c0b000 	C:\Windows\System32\WS2_32.dll
0x00007ffcd0880000 - 0x00007ffcd088a000 	C:\Windows\SYSTEM32\VERSION.dll
0x00007ffcd57f0000 - 0x00007ffcd5802000 	C:\Windows\SYSTEM32\UMPDC.dll
0x00007ffcd4290000 - 0x00007ffcd42a2000 	C:\Windows\SYSTEM32\kernel.appcore.dll
0x00007ffcd2dc0000 - 0x00007ffcd2dca000 	C:\Program Files\Android\Android Studio\jbr\bin\jimage.dll
0x00007ffccc510000 - 0x00007ffccc6f4000 	C:\Windows\SYSTEM32\DBGHELP.DLL
0x00007ffcb7d60000 - 0x00007ffcb7d94000 	C:\Windows\SYSTEM32\dbgcore.DLL
0x00007ffcd6ce0000 - 0x00007ffcd6d62000 	C:\Windows\System32\bcryptPrimitives.dll
0x00007ffcd0e70000 - 0x00007ffcd0e95000 	C:\Program Files\Android\Android Studio\jbr\bin\java.dll

dbghelp: loaded successfully - version: 4.0.5 - missing functions: none
symbol engine: initialized successfully - sym options: 0x614 - pdb path: .;C:\Program Files\Android\Android Studio\jbr\bin;C:\Windows\SYSTEM32;C:\Windows\WinSxS\amd64_microsoft.windows.common-controls_6595b64144ccf1df_6.0.19041.4355_none_60b8b9eb71f62e16;C:\Program Files\Android\Android Studio\jbr\bin\server

VM Arguments:
java_command: git4idea.http.GitAskPassApp Username for 'https://github.com': 
java_class_path (initial): C:/Program Files/Android/Android Studio/plugins/vcs-git/lib/git4idea-rt.jar;C:/Program Files/Android/Android Studio/lib/externalProcess-rt.jar
Launcher Type: SUN_STANDARD

[Global flags]
     intx CICompilerCount                          = 4                                         {product} {ergonomic}
     uint ConcGCThreads                            = 3                                         {product} {ergonomic}
     uint G1ConcRefinementThreads                  = 10                                        {product} {ergonomic}
   size_t G1HeapRegionSize                         = 2097152                                   {product} {ergonomic}
    uintx GCDrainStackTargetSize                   = 64                                        {product} {ergonomic}
   size_t InitialHeapSize                          = 268435456                                 {product} {ergonomic}
   size_t MarkStackSize                            = 4194304                                   {product} {ergonomic}
   size_t MaxHeapSize                              = 4276092928                                {product} {ergonomic}
   size_t MinHeapDeltaBytes                        = 2097152                                   {product} {ergonomic}
   size_t MinHeapSize                              = 8388608                                   {product} {ergonomic}
    uintx NonNMethodCodeHeapSize                   = 5839372                                {pd product} {ergonomic}
    uintx NonProfiledCodeHeapSize                  = 122909434                              {pd product} {ergonomic}
    uintx ProfiledCodeHeapSize                     = 122909434                              {pd product} {ergonomic}
    uintx ReservedCodeCacheSize                    = 251658240                              {pd product} {ergonomic}
     bool SegmentedCodeCache                       = true                                      {product} {ergonomic}
   size_t SoftMaxHeapSize                          = 4276092928                             {manageable} {ergonomic}
     bool UseCompressedClassPointers               = true                           {product lp64_product} {ergonomic}
     bool UseCompressedOops                        = true                           {product lp64_product} {ergonomic}
     bool UseG1GC                                  = true                                      {product} {ergonomic}
     bool UseLargePagesIndividualAllocation        = false                                  {pd product} {ergonomic}

Logging:
Log output configuration:
 #0: stdout all=warning uptime,level,tags
 #1: stderr all=off uptime,level,tags

Environment Variables:
PATH=C:\Program Files\Git\mingw64\libexec\git-core;C:\Program Files\Git\mingw64\libexec\git-core;C:\Program Files\Git\mingw64\bin;C:\Program Files\Git\usr\bin;C:\Users\dario\bin;C:\Program Files (x86)\Common Files\Oracle\Java\java8path;C:\Program Files (x86)\Common Files\Oracle\Java\javapath;C:\Windows\system32;C:\Windows;C:\Windows\System32\Wbem;C:\Windows\System32\WindowsPowerShell\v1.0;C:\Program Files (x86)\NVIDIA Corporation\PhysX\Common;C:\Program Files\NVIDIA Corporation\NVIDIA NvDLISR;C:\Program Files\Git\cmd;C:\Users\dario\AppData\Local\Microsoft\WindowsApps;C:\Program Files\Azure Data Studio\bin;D:\Visual Code\Microsoft VS Code\bin
USERNAME=dario
DISPLAY=:0.0
LC_ALL=en_US.UTF-8
TERM=xterm-256color
TMPDIR=C:\Users\dario\AppData\Local\Temp
OS=Windows_NT
PROCESSOR_IDENTIFIER=AMD64 Family 25 Model 33 Stepping 2, AuthenticAMD
TMP=C:\Users\dario\AppData\Local\Temp
TEMP=C:\Users\dario\AppData\Local\Temp



Periodic native trim disabled

JNI global refs:
JNI global refs: 0, weak refs: 0

JNI global refs memory usage: 0, weak refs: 0

Process memory usage:
Resident Set Size: 10156K (0% of 16696248K total physical memory with 2478252K free physical memory)

OOME stack traces (most recent first):
Classloader memory used:


---------------  S Y S T E M  ---------------

OS:
 Windows 10 , 64 bit Build 19041 (10.0.19041.4957)
OS uptime: 0 days 3:49 hours

CPU: total 12 (initial active 12) (12 cores per cpu, 2 threads per core) family 25 model 33 stepping 2 microcode 0x0, cx8, cmov, fxsr, ht, mmx, 3dnowpref, sse, sse2, sse3, ssse3, sse4a, sse4.1, sse4.2, popcnt, lzcnt, tsc, tscinvbit, avx, avx2, aes, erms, clmul, bmi1, bmi2, adx, sha, fma, vzeroupper, clflush, clflushopt
Processor Information for all 12 processors :
  Max Mhz: 3501, Current Mhz: 3501, Mhz Limit: 3501

Memory: 4k page, system-wide physical 16304M (2420M free)
TotalPageFile size 18352M (AvailPageFile size 5M)
current process WorkingSet (physical memory assigned to process): 9M, peak: 9M
current process commit charge ("private bytes"): 11M, peak: 12M

vm_info: OpenJDK 64-Bit Server VM (17.0.11+0--11852314) for windows-amd64 JRE (17.0.11+0--11852314), built on May 16 2024 21:29:20 by "androidbuild" with MS VC++ 16.10 / 16.11 (VS2019)

END.
